<?xml version="1.0" encoding="UTF-8"?>
<testsuite xmlns:xsi="http://www.w3.org/2001/XMLSchema-instance" xsi:noNamespaceSchemaLocation="https://maven.apache.org/surefire/maven-surefire-plugin/xsd/surefire-test-report-3.0.xsd" version="3.0" name="org.mybatis.jpetstore.mapper.OrderMapperTest" time="0.136" tests="4" errors="0" skipped="0" failures="0">
  <properties>
    <property name="awt.toolkit" value="sun.awt.X11.XToolkit"/>
    <property name="java.specification.version" value="11"/>
    <property name="sun.cpu.isalist" value=""/>
    <property name="sun.jnu.encoding" value="UTF-8"/>
    <property name="java.class.path" value="/home/moopyglue/dev/jpetstore-6-withtarget/target/test-classes:/home/moopyglue/dev/jpetstore-6-withtarget/target/classes:/home/moopyglue/.m2/repository/org/mybatis/mybatis/3.5.4/mybatis-3.5.4.jar:/home/moopyglue/.m2/repository/org/mybatis/mybatis-spring/2.0.4/mybatis-spring-2.0.4.jar:/home/moopyglue/.m2/repository/org/springframework/spring-context/5.2.6.RELEASE/spring-context-5.2.6.RELEASE.jar:/home/moopyglue/.m2/repository/org/springframework/spring-aop/5.2.6.RELEASE/spring-aop-5.2.6.RELEASE.jar:/home/moopyglue/.m2/repository/org/springframework/spring-beans/5.2.6.RELEASE/spring-beans-5.2.6.RELEASE.jar:/home/moopyglue/.m2/repository/org/springframework/spring-core/5.2.6.RELEASE/spring-core-5.2.6.RELEASE.jar:/home/moopyglue/.m2/repository/org/springframework/spring-jcl/5.2.6.RELEASE/spring-jcl-5.2.6.RELEASE.jar:/home/moopyglue/.m2/repository/org/springframework/spring-expression/5.2.6.RELEASE/spring-expression-5.2.6.RELEASE.jar:/home/moopyglue/.m2/repository/org/springframework/spring-jdbc/5.2.6.RELEASE/spring-jdbc-5.2.6.RELEASE.jar:/home/moopyglue/.m2/repository/org/springframework/spring-tx/5.2.6.RELEASE/spring-tx-5.2.6.RELEASE.jar:/home/moopyglue/.m2/repository/org/springframework/spring-web/5.2.6.RELEASE/spring-web-5.2.6.RELEASE.jar:/home/moopyglue/.m2/repository/net/sourceforge/stripes/stripes/1.6.0/stripes-1.6.0.jar:/home/moopyglue/.m2/repository/commons-logging/commons-logging/1.1.3/commons-logging-1.1.3.jar:/home/moopyglue/.m2/repository/org/apache/taglibs/taglibs-standard-spec/1.2.5/taglibs-standard-spec-1.2.5.jar:/home/moopyglue/.m2/repository/org/apache/taglibs/taglibs-standard-impl/1.2.5/taglibs-standard-impl-1.2.5.jar:/home/moopyglue/.m2/repository/javax/servlet/jsp/javax.servlet.jsp-api/2.3.3/javax.servlet.jsp-api-2.3.3.jar:/home/moopyglue/.m2/repository/javax/servlet/javax.servlet-api/4.0.1/javax.servlet-api-4.0.1.jar:/home/moopyglue/.m2/repository/log4j/log4j/1.2.17/log4j-1.2.17.jar:/home/moopyglue/.m2/repository/org/hsqldb/hsqldb/2.5.0/hsqldb-2.5.0.jar:/home/moopyglue/.m2/repository/org/junit/jupiter/junit-jupiter-engine/5.6.2/junit-jupiter-engine-5.6.2.jar:/home/moopyglue/.m2/repository/org/apiguardian/apiguardian-api/1.1.0/apiguardian-api-1.1.0.jar:/home/moopyglue/.m2/repository/org/junit/platform/junit-platform-engine/1.6.2/junit-platform-engine-1.6.2.jar:/home/moopyglue/.m2/repository/org/opentest4j/opentest4j/1.2.0/opentest4j-1.2.0.jar:/home/moopyglue/.m2/repository/org/junit/platform/junit-platform-commons/1.6.2/junit-platform-commons-1.6.2.jar:/home/moopyglue/.m2/repository/org/junit/jupiter/junit-jupiter-api/5.6.2/junit-jupiter-api-5.6.2.jar:/home/moopyglue/.m2/repository/org/mockito/mockito-core/3.3.3/mockito-core-3.3.3.jar:/home/moopyglue/.m2/repository/net/bytebuddy/byte-buddy/1.10.5/byte-buddy-1.10.5.jar:/home/moopyglue/.m2/repository/net/bytebuddy/byte-buddy-agent/1.10.5/byte-buddy-agent-1.10.5.jar:/home/moopyglue/.m2/repository/org/objenesis/objenesis/2.6/objenesis-2.6.jar:/home/moopyglue/.m2/repository/org/mockito/mockito-junit-jupiter/3.3.3/mockito-junit-jupiter-3.3.3.jar:/home/moopyglue/.m2/repository/org/assertj/assertj-core/3.16.1/assertj-core-3.16.1.jar:/home/moopyglue/.m2/repository/com/codeborne/selenide/5.11.1/selenide-5.11.1.jar:/home/moopyglue/.m2/repository/org/seleniumhq/selenium/selenium-java/3.141.59/selenium-java-3.141.59.jar:/home/moopyglue/.m2/repository/org/seleniumhq/selenium/selenium-chrome-driver/3.141.59/selenium-chrome-driver-3.141.59.jar:/home/moopyglue/.m2/repository/org/seleniumhq/selenium/selenium-edge-driver/3.141.59/selenium-edge-driver-3.141.59.jar:/home/moopyglue/.m2/repository/org/seleniumhq/selenium/selenium-firefox-driver/3.141.59/selenium-firefox-driver-3.141.59.jar:/home/moopyglue/.m2/repository/org/seleniumhq/selenium/selenium-ie-driver/3.141.59/selenium-ie-driver-3.141.59.jar:/home/moopyglue/.m2/repository/org/seleniumhq/selenium/selenium-opera-driver/3.141.59/selenium-opera-driver-3.141.59.jar:/home/moopyglue/.m2/repository/org/seleniumhq/selenium/selenium-remote-driver/3.141.59/selenium-remote-driver-3.141.59.jar:/home/moopyglue/.m2/repository/org/seleniumhq/selenium/selenium-safari-driver/3.141.59/selenium-safari-driver-3.141.59.jar:/home/moopyglue/.m2/repository/org/apache/commons/commons-exec/1.3/commons-exec-1.3.jar:/home/moopyglue/.m2/repository/com/google/guava/guava/25.0-jre/guava-25.0-jre.jar:/home/moopyglue/.m2/repository/com/google/code/findbugs/jsr305/1.3.9/jsr305-1.3.9.jar:/home/moopyglue/.m2/repository/org/checkerframework/checker-compat-qual/2.0.0/checker-compat-qual-2.0.0.jar:/home/moopyglue/.m2/repository/com/google/errorprone/error_prone_annotations/2.1.3/error_prone_annotations-2.1.3.jar:/home/moopyglue/.m2/repository/com/google/j2objc/j2objc-annotations/1.1/j2objc-annotations-1.1.jar:/home/moopyglue/.m2/repository/org/codehaus/mojo/animal-sniffer-annotations/1.14/animal-sniffer-annotations-1.14.jar:/home/moopyglue/.m2/repository/com/squareup/okhttp3/okhttp/3.11.0/okhttp-3.11.0.jar:/home/moopyglue/.m2/repository/com/squareup/okio/okio/1.14.0/okio-1.14.0.jar:/home/moopyglue/.m2/repository/io/github/bonigarcia/webdrivermanager/3.8.1/webdrivermanager-3.8.1.jar:/home/moopyglue/.m2/repository/commons-io/commons-io/2.6/commons-io-2.6.jar:/home/moopyglue/.m2/repository/com/google/code/gson/gson/2.8.5/gson-2.8.5.jar:/home/moopyglue/.m2/repository/org/apache/commons/commons-lang3/3.8.1/commons-lang3-3.8.1.jar:/home/moopyglue/.m2/repository/org/apache/httpcomponents/httpclient/4.5.6/httpclient-4.5.6.jar:/home/moopyglue/.m2/repository/org/apache/httpcomponents/httpcore/4.4.10/httpcore-4.4.10.jar:/home/moopyglue/.m2/repository/commons-codec/commons-codec/1.10/commons-codec-1.10.jar:/home/moopyglue/.m2/repository/org/rauschig/jarchivelib/1.0.0/jarchivelib-1.0.0.jar:/home/moopyglue/.m2/repository/org/apache/commons/commons-compress/1.18/commons-compress-1.18.jar:/home/moopyglue/.m2/repository/org/jsoup/jsoup/1.11.3/jsoup-1.11.3.jar:/home/moopyglue/.m2/repository/org/slf4j/slf4j-api/1.7.30/slf4j-api-1.7.30.jar:/home/moopyglue/.m2/repository/org/seleniumhq/selenium/htmlunit-driver/2.40.0/htmlunit-driver-2.40.0.jar:/home/moopyglue/.m2/repository/org/seleniumhq/selenium/selenium-api/3.141.59/selenium-api-3.141.59.jar:/home/moopyglue/.m2/repository/org/seleniumhq/selenium/selenium-support/3.141.59/selenium-support-3.141.59.jar:/home/moopyglue/.m2/repository/net/sourceforge/htmlunit/htmlunit/2.40.0/htmlunit-2.40.0.jar:/home/moopyglue/.m2/repository/xalan/xalan/2.7.2/xalan-2.7.2.jar:/home/moopyglue/.m2/repository/xalan/serializer/2.7.2/serializer-2.7.2.jar:/home/moopyglue/.m2/repository/org/apache/commons/commons-text/1.8/commons-text-1.8.jar:/home/moopyglue/.m2/repository/org/apache/httpcomponents/httpmime/4.5.12/httpmime-4.5.12.jar:/home/moopyglue/.m2/repository/net/sourceforge/htmlunit/htmlunit-core-js/2.40.0/htmlunit-core-js-2.40.0.jar:/home/moopyglue/.m2/repository/net/sourceforge/htmlunit/neko-htmlunit/2.40.0/neko-htmlunit-2.40.0.jar:/home/moopyglue/.m2/repository/xerces/xercesImpl/2.12.0/xercesImpl-2.12.0.jar:/home/moopyglue/.m2/repository/xml-apis/xml-apis/1.4.01/xml-apis-1.4.01.jar:/home/moopyglue/.m2/repository/net/sourceforge/htmlunit/htmlunit-cssparser/1.5.0/htmlunit-cssparser-1.5.0.jar:/home/moopyglue/.m2/repository/commons-net/commons-net/3.6/commons-net-3.6.jar:/home/moopyglue/.m2/repository/org/brotli/dec/0.1.2/dec-0.1.2.jar:/home/moopyglue/.m2/repository/com/shapesecurity/salvation/2.7.1/salvation-2.7.1.jar:/home/moopyglue/.m2/repository/org/eclipse/jetty/websocket/websocket-client/9.4.28.v20200408/websocket-client-9.4.28.v20200408.jar:/home/moopyglue/.m2/repository/org/eclipse/jetty/jetty-client/9.4.28.v20200408/jetty-client-9.4.28.v20200408.jar:/home/moopyglue/.m2/repository/org/eclipse/jetty/jetty-http/9.4.28.v20200408/jetty-http-9.4.28.v20200408.jar:/home/moopyglue/.m2/repository/org/eclipse/jetty/jetty-xml/9.4.28.v20200408/jetty-xml-9.4.28.v20200408.jar:/home/moopyglue/.m2/repository/org/eclipse/jetty/jetty-util/9.4.28.v20200408/jetty-util-9.4.28.v20200408.jar:/home/moopyglue/.m2/repository/org/eclipse/jetty/jetty-io/9.4.28.v20200408/jetty-io-9.4.28.v20200408.jar:/home/moopyglue/.m2/repository/org/eclipse/jetty/websocket/websocket-common/9.4.28.v20200408/websocket-common-9.4.28.v20200408.jar:/home/moopyglue/.m2/repository/org/eclipse/jetty/websocket/websocket-api/9.4.28.v20200408/websocket-api-9.4.28.v20200408.jar:/home/moopyglue/.m2/repository/org/springframework/spring-test/5.2.6.RELEASE/spring-test-5.2.6.RELEASE.jar:"/>
    <property name="java.vm.vendor" value="Debian"/>
    <property name="sun.arch.data.model" value="64"/>
    <property name="java.vendor.url" value="https://tracker.debian.org/openjdk-11"/>
    <property name="user.timezone" value=""/>
    <property name="java.vm.specification.version" value="11"/>
    <property name="os.name" value="Linux"/>
    <property name="sun.java.launcher" value="SUN_STANDARD"/>
    <property name="user.country" value="US"/>
    <property name="sun.boot.library.path" value="/usr/lib/jvm/java-11-openjdk-amd64/lib"/>
    <property name="sun.java.command" value="/home/moopyglue/dev/jpetstore-6-withtarget/target/surefire/surefirebooter4690752868599344460.jar /home/moopyglue/dev/jpetstore-6-withtarget/target/surefire 2020-05-23T18-34-00_685-jvmRun1 surefire3746738971972600901tmp surefire_09303627133146532524tmp"/>
    <property name="jdk.debug" value="release"/>
    <property name="surefire.test.class.path" value="/home/moopyglue/dev/jpetstore-6-withtarget/target/test-classes:/home/moopyglue/dev/jpetstore-6-withtarget/target/classes:/home/moopyglue/.m2/repository/org/mybatis/mybatis/3.5.4/mybatis-3.5.4.jar:/home/moopyglue/.m2/repository/org/mybatis/mybatis-spring/2.0.4/mybatis-spring-2.0.4.jar:/home/moopyglue/.m2/repository/org/springframework/spring-context/5.2.6.RELEASE/spring-context-5.2.6.RELEASE.jar:/home/moopyglue/.m2/repository/org/springframework/spring-aop/5.2.6.RELEASE/spring-aop-5.2.6.RELEASE.jar:/home/moopyglue/.m2/repository/org/springframework/spring-beans/5.2.6.RELEASE/spring-beans-5.2.6.RELEASE.jar:/home/moopyglue/.m2/repository/org/springframework/spring-core/5.2.6.RELEASE/spring-core-5.2.6.RELEASE.jar:/home/moopyglue/.m2/repository/org/springframework/spring-jcl/5.2.6.RELEASE/spring-jcl-5.2.6.RELEASE.jar:/home/moopyglue/.m2/repository/org/springframework/spring-expression/5.2.6.RELEASE/spring-expression-5.2.6.RELEASE.jar:/home/moopyglue/.m2/repository/org/springframework/spring-jdbc/5.2.6.RELEASE/spring-jdbc-5.2.6.RELEASE.jar:/home/moopyglue/.m2/repository/org/springframework/spring-tx/5.2.6.RELEASE/spring-tx-5.2.6.RELEASE.jar:/home/moopyglue/.m2/repository/org/springframework/spring-web/5.2.6.RELEASE/spring-web-5.2.6.RELEASE.jar:/home/moopyglue/.m2/repository/net/sourceforge/stripes/stripes/1.6.0/stripes-1.6.0.jar:/home/moopyglue/.m2/repository/commons-logging/commons-logging/1.1.3/commons-logging-1.1.3.jar:/home/moopyglue/.m2/repository/org/apache/taglibs/taglibs-standard-spec/1.2.5/taglibs-standard-spec-1.2.5.jar:/home/moopyglue/.m2/repository/org/apache/taglibs/taglibs-standard-impl/1.2.5/taglibs-standard-impl-1.2.5.jar:/home/moopyglue/.m2/repository/javax/servlet/jsp/javax.servlet.jsp-api/2.3.3/javax.servlet.jsp-api-2.3.3.jar:/home/moopyglue/.m2/repository/javax/servlet/javax.servlet-api/4.0.1/javax.servlet-api-4.0.1.jar:/home/moopyglue/.m2/repository/log4j/log4j/1.2.17/log4j-1.2.17.jar:/home/moopyglue/.m2/repository/org/hsqldb/hsqldb/2.5.0/hsqldb-2.5.0.jar:/home/moopyglue/.m2/repository/org/junit/jupiter/junit-jupiter-engine/5.6.2/junit-jupiter-engine-5.6.2.jar:/home/moopyglue/.m2/repository/org/apiguardian/apiguardian-api/1.1.0/apiguardian-api-1.1.0.jar:/home/moopyglue/.m2/repository/org/junit/platform/junit-platform-engine/1.6.2/junit-platform-engine-1.6.2.jar:/home/moopyglue/.m2/repository/org/opentest4j/opentest4j/1.2.0/opentest4j-1.2.0.jar:/home/moopyglue/.m2/repository/org/junit/platform/junit-platform-commons/1.6.2/junit-platform-commons-1.6.2.jar:/home/moopyglue/.m2/repository/org/junit/jupiter/junit-jupiter-api/5.6.2/junit-jupiter-api-5.6.2.jar:/home/moopyglue/.m2/repository/org/mockito/mockito-core/3.3.3/mockito-core-3.3.3.jar:/home/moopyglue/.m2/repository/net/bytebuddy/byte-buddy/1.10.5/byte-buddy-1.10.5.jar:/home/moopyglue/.m2/repository/net/bytebuddy/byte-buddy-agent/1.10.5/byte-buddy-agent-1.10.5.jar:/home/moopyglue/.m2/repository/org/objenesis/objenesis/2.6/objenesis-2.6.jar:/home/moopyglue/.m2/repository/org/mockito/mockito-junit-jupiter/3.3.3/mockito-junit-jupiter-3.3.3.jar:/home/moopyglue/.m2/repository/org/assertj/assertj-core/3.16.1/assertj-core-3.16.1.jar:/home/moopyglue/.m2/repository/com/codeborne/selenide/5.11.1/selenide-5.11.1.jar:/home/moopyglue/.m2/repository/org/seleniumhq/selenium/selenium-java/3.141.59/selenium-java-3.141.59.jar:/home/moopyglue/.m2/repository/org/seleniumhq/selenium/selenium-chrome-driver/3.141.59/selenium-chrome-driver-3.141.59.jar:/home/moopyglue/.m2/repository/org/seleniumhq/selenium/selenium-edge-driver/3.141.59/selenium-edge-driver-3.141.59.jar:/home/moopyglue/.m2/repository/org/seleniumhq/selenium/selenium-firefox-driver/3.141.59/selenium-firefox-driver-3.141.59.jar:/home/moopyglue/.m2/repository/org/seleniumhq/selenium/selenium-ie-driver/3.141.59/selenium-ie-driver-3.141.59.jar:/home/moopyglue/.m2/repository/org/seleniumhq/selenium/selenium-opera-driver/3.141.59/selenium-opera-driver-3.141.59.jar:/home/moopyglue/.m2/repository/org/seleniumhq/selenium/selenium-remote-driver/3.141.59/selenium-remote-driver-3.141.59.jar:/home/moopyglue/.m2/repository/org/seleniumhq/selenium/selenium-safari-driver/3.141.59/selenium-safari-driver-3.141.59.jar:/home/moopyglue/.m2/repository/org/apache/commons/commons-exec/1.3/commons-exec-1.3.jar:/home/moopyglue/.m2/repository/com/google/guava/guava/25.0-jre/guava-25.0-jre.jar:/home/moopyglue/.m2/repository/com/google/code/findbugs/jsr305/1.3.9/jsr305-1.3.9.jar:/home/moopyglue/.m2/repository/org/checkerframework/checker-compat-qual/2.0.0/checker-compat-qual-2.0.0.jar:/home/moopyglue/.m2/repository/com/google/errorprone/error_prone_annotations/2.1.3/error_prone_annotations-2.1.3.jar:/home/moopyglue/.m2/repository/com/google/j2objc/j2objc-annotations/1.1/j2objc-annotations-1.1.jar:/home/moopyglue/.m2/repository/org/codehaus/mojo/animal-sniffer-annotations/1.14/animal-sniffer-annotations-1.14.jar:/home/moopyglue/.m2/repository/com/squareup/okhttp3/okhttp/3.11.0/okhttp-3.11.0.jar:/home/moopyglue/.m2/repository/com/squareup/okio/okio/1.14.0/okio-1.14.0.jar:/home/moopyglue/.m2/repository/io/github/bonigarcia/webdrivermanager/3.8.1/webdrivermanager-3.8.1.jar:/home/moopyglue/.m2/repository/commons-io/commons-io/2.6/commons-io-2.6.jar:/home/moopyglue/.m2/repository/com/google/code/gson/gson/2.8.5/gson-2.8.5.jar:/home/moopyglue/.m2/repository/org/apache/commons/commons-lang3/3.8.1/commons-lang3-3.8.1.jar:/home/moopyglue/.m2/repository/org/apache/httpcomponents/httpclient/4.5.6/httpclient-4.5.6.jar:/home/moopyglue/.m2/repository/org/apache/httpcomponents/httpcore/4.4.10/httpcore-4.4.10.jar:/home/moopyglue/.m2/repository/commons-codec/commons-codec/1.10/commons-codec-1.10.jar:/home/moopyglue/.m2/repository/org/rauschig/jarchivelib/1.0.0/jarchivelib-1.0.0.jar:/home/moopyglue/.m2/repository/org/apache/commons/commons-compress/1.18/commons-compress-1.18.jar:/home/moopyglue/.m2/repository/org/jsoup/jsoup/1.11.3/jsoup-1.11.3.jar:/home/moopyglue/.m2/repository/org/slf4j/slf4j-api/1.7.30/slf4j-api-1.7.30.jar:/home/moopyglue/.m2/repository/org/seleniumhq/selenium/htmlunit-driver/2.40.0/htmlunit-driver-2.40.0.jar:/home/moopyglue/.m2/repository/org/seleniumhq/selenium/selenium-api/3.141.59/selenium-api-3.141.59.jar:/home/moopyglue/.m2/repository/org/seleniumhq/selenium/selenium-support/3.141.59/selenium-support-3.141.59.jar:/home/moopyglue/.m2/repository/net/sourceforge/htmlunit/htmlunit/2.40.0/htmlunit-2.40.0.jar:/home/moopyglue/.m2/repository/xalan/xalan/2.7.2/xalan-2.7.2.jar:/home/moopyglue/.m2/repository/xalan/serializer/2.7.2/serializer-2.7.2.jar:/home/moopyglue/.m2/repository/org/apache/commons/commons-text/1.8/commons-text-1.8.jar:/home/moopyglue/.m2/repository/org/apache/httpcomponents/httpmime/4.5.12/httpmime-4.5.12.jar:/home/moopyglue/.m2/repository/net/sourceforge/htmlunit/htmlunit-core-js/2.40.0/htmlunit-core-js-2.40.0.jar:/home/moopyglue/.m2/repository/net/sourceforge/htmlunit/neko-htmlunit/2.40.0/neko-htmlunit-2.40.0.jar:/home/moopyglue/.m2/repository/xerces/xercesImpl/2.12.0/xercesImpl-2.12.0.jar:/home/moopyglue/.m2/repository/xml-apis/xml-apis/1.4.01/xml-apis-1.4.01.jar:/home/moopyglue/.m2/repository/net/sourceforge/htmlunit/htmlunit-cssparser/1.5.0/htmlunit-cssparser-1.5.0.jar:/home/moopyglue/.m2/repository/commons-net/commons-net/3.6/commons-net-3.6.jar:/home/moopyglue/.m2/repository/org/brotli/dec/0.1.2/dec-0.1.2.jar:/home/moopyglue/.m2/repository/com/shapesecurity/salvation/2.7.1/salvation-2.7.1.jar:/home/moopyglue/.m2/repository/org/eclipse/jetty/websocket/websocket-client/9.4.28.v20200408/websocket-client-9.4.28.v20200408.jar:/home/moopyglue/.m2/repository/org/eclipse/jetty/jetty-client/9.4.28.v20200408/jetty-client-9.4.28.v20200408.jar:/home/moopyglue/.m2/repository/org/eclipse/jetty/jetty-http/9.4.28.v20200408/jetty-http-9.4.28.v20200408.jar:/home/moopyglue/.m2/repository/org/eclipse/jetty/jetty-xml/9.4.28.v20200408/jetty-xml-9.4.28.v20200408.jar:/home/moopyglue/.m2/repository/org/eclipse/jetty/jetty-util/9.4.28.v20200408/jetty-util-9.4.28.v20200408.jar:/home/moopyglue/.m2/repository/org/eclipse/jetty/jetty-io/9.4.28.v20200408/jetty-io-9.4.28.v20200408.jar:/home/moopyglue/.m2/repository/org/eclipse/jetty/websocket/websocket-common/9.4.28.v20200408/websocket-common-9.4.28.v20200408.jar:/home/moopyglue/.m2/repository/org/eclipse/jetty/websocket/websocket-api/9.4.28.v20200408/websocket-api-9.4.28.v20200408.jar:/home/moopyglue/.m2/repository/org/springframework/spring-test/5.2.6.RELEASE/spring-test-5.2.6.RELEASE.jar:"/>
    <property name="sun.cpu.endian" value="little"/>
    <property name="user.home" value="/home/moopyglue"/>
    <property name="user.language" value="en"/>
    <property name="java.specification.vendor" value="Oracle Corporation"/>
    <property name="java.version.date" value="2020-04-14"/>
    <property name="java.home" value="/usr/lib/jvm/java-11-openjdk-amd64"/>
    <property name="file.separator" value="/"/>
    <property name="basedir" value="/home/moopyglue/dev/jpetstore-6-withtarget"/>
    <property name="java.vm.compressedOopsMode" value="32-bit"/>
    <property name="line.separator" value="&#10;"/>
    <property name="java.specification.name" value="Java Platform API Specification"/>
    <property name="java.vm.specification.vendor" value="Oracle Corporation"/>
    <property name="jdk.attach.allowAttachSelf" value=""/>
    <property name="java.awt.graphicsenv" value="sun.awt.X11GraphicsEnvironment"/>
    <property name="surefire.real.class.path" value="/home/moopyglue/dev/jpetstore-6-withtarget/target/surefire/surefirebooter4690752868599344460.jar"/>
    <property name="sun.management.compiler" value="HotSpot 64-Bit Tiered Compilers"/>
    <property name="java.runtime.version" value="11.0.7+10-post-Debian-3deb10u1"/>
    <property name="user.name" value="moopyglue"/>
    <property name="path.separator" value=":"/>
    <property name="os.version" value="4.19.98-08076-g24ab33fb8e14"/>
    <property name="java.runtime.name" value="OpenJDK Runtime Environment"/>
    <property name="file.encoding" value="UTF-8"/>
    <property name="java.vm.name" value="OpenJDK 64-Bit Server VM"/>
    <property name="localRepository" value="/home/moopyglue/.m2/repository"/>
    <property name="java.vendor.url.bug" value="https://bugs.debian.org/openjdk-11"/>
    <property name="java.io.tmpdir" value="/tmp"/>
    <property name="java.version" value="11.0.7"/>
    <property name="user.dir" value="/home/moopyglue/dev/jpetstore-6-withtarget"/>
    <property name="os.arch" value="amd64"/>
    <property name="java.vm.specification.name" value="Java Virtual Machine Specification"/>
    <property name="java.awt.printerjob" value="sun.print.PSPrinterJob"/>
    <property name="sun.os.patch.level" value="unknown"/>
    <property name="java.library.path" value="/usr/java/packages/lib:/usr/lib/x86_64-linux-gnu/jni:/lib/x86_64-linux-gnu:/usr/lib/x86_64-linux-gnu:/usr/lib/jni:/lib:/usr/lib"/>
    <property name="java.vendor" value="Debian"/>
    <property name="java.vm.info" value="mixed mode, sharing"/>
    <property name="java.vm.version" value="11.0.7+10-post-Debian-3deb10u1"/>
    <property name="sun.io.unicode.encoding" value="UnicodeLittle"/>
    <property name="java.class.version" value="55.0"/>
  </properties>
  <testcase name="insertOrderStatus" classname="org.mybatis.jpetstore.mapper.OrderMapperTest" time="0.028"/>
  <testcase name="insertOrder" classname="org.mybatis.jpetstore.mapper.OrderMapperTest" time="0.017"/>
  <testcase name="getOrdersByUsername" classname="org.mybatis.jpetstore.mapper.OrderMapperTest" time="0.041"/>
  <testcase name="getOrder" classname="org.mybatis.jpetstore.mapper.OrderMapperTest" time="0.03"/>
</testsuite>